This is pdfTeX, Version 3.1415926-1.40.10 (TeX Live 2009/Debian) (format=pdflatex 2011.6.24)  7 NOV 2011 10:57
entering extended mode
 %&-line parsing enabled.
**tutorial
(./tutorial.tex
LaTeX2e <2009/09/24>
Babel <v3.8l> and hyphenation patterns for english, usenglishmax, dumylang, noh
yphenation, bulgarian, ukrainian, russian, dutch, loaded.
(/usr/share/texmf-texlive/tex/latex/base/article.cls
Document Class: article 2007/10/19 v1.4h Standard LaTeX document class
(/usr/share/texmf-texlive/tex/latex/base/size11.clo
File: size11.clo 2007/10/19 v1.4h Standard LaTeX file (size option)
)
\c@part=\count79
\c@section=\count80
\c@subsection=\count81
\c@subsubsection=\count82
\c@paragraph=\count83
\c@subparagraph=\count84
\c@figure=\count85
\c@table=\count86
\abovecaptionskip=\skip41
\belowcaptionskip=\skip42
\bibindent=\dimen102
)
(/usr/share/texmf-texlive/tex/latex/ltxmisc/a4wide.sty
Package: a4wide 1994/08/30

(/usr/share/texmf-texlive/tex/latex/ntgclass/a4.sty
Package: a4 2004/04/15 v1.2g A4 based page layout
))
(/usr/share/texmf-texlive/tex/latex/ltxmisc/url.sty
\Urlmuskip=\muskip10
Package: url 2006/04/12  ver 3.3  Verb mode for urls, etc.
)
\c@exercisebb=\count87
 (./tutorial.aux)
\openout1 = `tutorial.aux'.

LaTeX Font Info:    Checking defaults for OML/cmm/m/it on input line 25.
LaTeX Font Info:    ... okay on input line 25.
LaTeX Font Info:    Checking defaults for T1/cmr/m/n on input line 25.
LaTeX Font Info:    ... okay on input line 25.
LaTeX Font Info:    Checking defaults for OT1/cmr/m/n on input line 25.
LaTeX Font Info:    ... okay on input line 25.
LaTeX Font Info:    Checking defaults for OMS/cmsy/m/n on input line 25.
LaTeX Font Info:    ... okay on input line 25.
LaTeX Font Info:    Checking defaults for OMX/cmex/m/n on input line 25.
LaTeX Font Info:    ... okay on input line 25.
LaTeX Font Info:    Checking defaults for U/cmr/m/n on input line 25.
LaTeX Font Info:    ... okay on input line 25.
LaTeX Font Info:    External font `cmex10' loaded for size
(Font)              <12> on input line 26.
LaTeX Font Info:    External font `cmex10' loaded for size
(Font)              <8> on input line 26.
LaTeX Font Info:    External font `cmex10' loaded for size
(Font)              <6> on input line 26.

(./tutorial.toc)
\tf@toc=\write3
\openout3 = `tutorial.toc'.

 [1

{/var/lib/texmf/fonts/map/pdftex/updmap/pdftex.map}]
LaTeX Font Info:    External font `cmex10' loaded for size
(Font)              <10.95> on input line 51.

[2

]
Underfull \hbox (badness 10000) in paragraph at lines 103--103
[]\OT1/cmr/m/n/10 sentence
 []


Underfull \hbox (badness 10000) in paragraph at lines 103--103
\OT1/cmr/m/n/10 bound-ary
 []

[3

] [4]
Overfull \hbox (6.98912pt too wide) in paragraph at lines 185--186
[]\OT1/cmr/m/n/10.95 The-DET function-NOUN of-PREP sleep-NOUN ,-PUN according-V
ERB to-PREP
 []


Overfull \hbox (11.33748pt too wide) in paragraph at lines 185--186
\OT1/cmr/m/n/10.95 one-DET school-NOUN of-IN thought-NOUN ,-PUN is-VERB to-PREP
 consolidate-
 []


Overfull \hbox (3.64326pt too wide) in paragraph at lines 189--190
[]\OT1/cmr/m/n/10.95 The-DET function-VERB of-PREP sleep-VERB ,-PUN according-V
ERB to-PREP
 []


Overfull \hbox (9.66455pt too wide) in paragraph at lines 189--190
\OT1/cmr/m/n/10.95 one-DET school-NOUN of-IN thought-VERB ,-PUN is-VERB to-PREP
 consolidate-
 []

LaTeX Font Info:    Try loading font information for OMS+cmr on input line 196.

(/usr/share/texmf-texlive/tex/latex/base/omscmr.fd
File: omscmr.fd 1999/05/25 v2.5h Standard LaTeX font definitions
)
LaTeX Font Info:    Font shape `OMS/cmr/m/n' in size <10.95> not available
(Font)              Font shape `OMS/cmsy/m/n' tried instead on input line 196.
 [5

] [6]
Overfull \hbox (31.75058pt too wide) in paragraph at lines 263--264
[]\OT1/cmtt/m/n/10.95 bin/pos --input working/tutorial/katebush.tok --model mod
els/pos --output
 []

[7

] [8

] [9

]
Overfull \hbox (3.04765pt too wide) in paragraph at lines 389--389
[]\OT1/cmr/m/n/10 Combinatory
 []


Underfull \hbox (badness 10000) in paragraph at lines 389--389
\OT1/cmr/m/n/10 Cat-e-go-rial
 []


Overfull \hbox (3.00714pt too wide) in paragraph at lines 438--439
[]\OT1/cmtt/m/n/10.95 bin/candc --input <FILE> --models models/boxer --candc-pr
inter boxer 
 []

[10

]
Underfull \hbox (badness 10000) in paragraph at lines 455--456

 []

[11]
Underfull \hbox (badness 10000) in paragraph at lines 491--491
[]\OT1/cmr/m/n/10 Discourse
 []


Underfull \hbox (badness 10000) in paragraph at lines 491--491
\OT1/cmr/m/n/10 Rep-re-
 []


Underfull \hbox (badness 10000) in paragraph at lines 491--491
\OT1/cmr/m/n/10 sen-ta-tion
 []

[12

]
Overfull \hbox (20.2532pt too wide) in paragraph at lines 564--566
\OT1/cmtt/m/n/10.95 bin/boxer --input working/tutorial/sem2.ccg --format no --b
ox --resolve 
 []

[13]
Underfull \hbox (badness 10000) in paragraph at lines 617--617
[]\OT1/cmr/m/n/10 theorem
 []


Underfull \hbox (badness 10000) in paragraph at lines 620--620
[]\OT1/cmr/m/n/10 model
 []


Underfull \hbox (badness 10000) in paragraph at lines 652--652
[]\OT1/cmr/m/n/10 consistency
 []

[14

] [15

] (./pos.tex) [16

] (./tutorial.aux) ) 
Here is how much of TeX's memory you used:
 373 strings out of 494768
 4440 string characters out of 1177645
 57783 words of memory out of 3000000
 3610 multiletter control sequences out of 15000+50000
 9325 words of font info for 33 fonts, out of 3000000 for 9000
 252 hyphenation exceptions out of 8191
 22i,6n,19p,216b,256s stack positions out of 5000i,500n,10000p,200000b,50000s
</usr/share/texmf-texlive/fonts/type1/public/amsfonts/cm/cm
bx10.pfb></usr/share/texmf-texlive/fonts/type1/public/amsfonts/cm/cmbx12.pfb></
usr/share/texmf-texlive/fonts/type1/public/amsfonts/cm/cmmi10.pfb></usr/share/t
exmf-texlive/fonts/type1/public/amsfonts/cm/cmr10.pfb></usr/share/texmf-texlive
/fonts/type1/public/amsfonts/cm/cmr12.pfb></usr/share/texmf-texlive/fonts/type1
/public/amsfonts/cm/cmr17.pfb></usr/share/texmf-texlive/fonts/type1/public/amsf
onts/cm/cmsy10.pfb></usr/share/texmf-texlive/fonts/type1/public/amsfonts/cm/cmt
i10.pfb></usr/share/texmf-texlive/fonts/type1/public/amsfonts/cm/cmtt10.pfb>
Output written on tutorial.pdf (16 pages, 166414 bytes).
PDF statistics:
 90 PDF objects out of 1000 (max. 8388607)
 0 named destinations out of 1000 (max. 500000)
 1 words of extra memory for PDF output out of 10000 (max. 10000000)

